<?xml version="1.0" encoding="UTF-8"?>
<!-- Generated by org.testng.reporters.JUnitReportReporter -->
<testsuite skipped="0" hostname="ip-172-31-17-139" name="testcases.LoginTest" tests="4" failures="0" timestamp="2022-03-19T04:20:39 UTC" time="19.763" errors="0">
  <testcase name="loginsuccess" time="5.707" classname="testcases.LoginTest"/>
  <system-out/>
  <testcase name="externaldatatest" time="3.111" classname="testcases.LoginTest"/>
  <system-out/>
  <testcase name="loginfailure" time="5.264" classname="testcases.LoginTest"/>
  <system-out/>
  <testcase name="parameterized" time="5.681" classname="testcases.LoginTest"/>
  <system-out/>
</testsuite> <!-- testcases.LoginTest -->
